Run 1: copt_O3
Running MATRIX_INIT with n = 3000 loop = 200

UNOPTIMIZED(ms):        1266.0
OPTIMIZED(ms):          1567.0
SPEEDUP:                   0.8

Running ARRAY_INIT with n = 300000 loop = 20000

UNOPTIMIZED(ms):         600.0
OPTIMIZED(ms):           600.0
SPEEDUP:                   1.0

Running FACTORIAL with n = 20 loop = 200000000

UNOPTIMIZED(ms):        1483.0
OPTIMIZED(ms):          1100.0
SPEEDUP:                   1.3

Running MATRIX_MULTIPLY with n = 1600 loop = 1

UNOPTIMIZED(ms):        4100.0
OPTIMIZED(ms):           567.0
SPEEDUP:                   7.2

Run 2: copt_O3
Running MATRIX_INIT with n = 3000 loop = 200

UNOPTIMIZED(ms):        1250.0
OPTIMIZED(ms):          1266.0
SPEEDUP:                   1.0

Running ARRAY_INIT with n = 300000 loop = 20000

UNOPTIMIZED(ms):         600.0
OPTIMIZED(ms):           600.0
SPEEDUP:                   1.0

Running FACTORIAL with n = 20 loop = 200000000

UNOPTIMIZED(ms):        1483.0
OPTIMIZED(ms):          1100.0
SPEEDUP:                   1.3

Running MATRIX_MULTIPLY with n = 1600 loop = 1

UNOPTIMIZED(ms):        4033.0
OPTIMIZED(ms):           750.0
SPEEDUP:                   5.4

Run 3: copt_O3
Running MATRIX_INIT with n = 3000 loop = 200

UNOPTIMIZED(ms):        1116.0
OPTIMIZED(ms):          1250.0
SPEEDUP:                   0.9

Running ARRAY_INIT with n = 300000 loop = 20000

UNOPTIMIZED(ms):         600.0
OPTIMIZED(ms):           616.0
SPEEDUP:                   1.0

Running FACTORIAL with n = 20 loop = 200000000

UNOPTIMIZED(ms):        1483.0
OPTIMIZED(ms):          1117.0
SPEEDUP:                   1.3

Running MATRIX_MULTIPLY with n = 1600 loop = 1

UNOPTIMIZED(ms):        4066.0
OPTIMIZED(ms):           517.0
SPEEDUP:                   7.9

Run 4: copt_O3
Running MATRIX_INIT with n = 3000 loop = 200

UNOPTIMIZED(ms):        1233.0
OPTIMIZED(ms):          1200.0
SPEEDUP:                   1.0

Running ARRAY_INIT with n = 300000 loop = 20000

UNOPTIMIZED(ms):         583.0
OPTIMIZED(ms):           617.0
SPEEDUP:                   0.9

Running FACTORIAL with n = 20 loop = 200000000

UNOPTIMIZED(ms):        1466.0
OPTIMIZED(ms):          1100.0
SPEEDUP:                   1.3

Running MATRIX_MULTIPLY with n = 1600 loop = 1

UNOPTIMIZED(ms):        4316.0
OPTIMIZED(ms):           617.0
SPEEDUP:                   7.0

Run 5: copt_O3
Running MATRIX_INIT with n = 3000 loop = 200

UNOPTIMIZED(ms):        1083.0
OPTIMIZED(ms):          1133.0
SPEEDUP:                   1.0

Running ARRAY_INIT with n = 300000 loop = 20000

UNOPTIMIZED(ms):         600.0
OPTIMIZED(ms):           633.0
SPEEDUP:                   0.9

Running FACTORIAL with n = 20 loop = 200000000

UNOPTIMIZED(ms):        1466.0
OPTIMIZED(ms):          1100.0
SPEEDUP:                   1.3

Running MATRIX_MULTIPLY with n = 1600 loop = 1

UNOPTIMIZED(ms):        4600.0
OPTIMIZED(ms):           683.0
SPEEDUP:                   6.7

